#
# There is insufficient memory for the Java Runtime Environment to continue.
# Native memory allocation (malloc) failed to allocate 100176 bytes. Error detail: Chunk::new
# Possible reasons:
#   The system is out of physical RAM or swap space
#   This process is running with CompressedOops enabled, and the Java Heap may be blocking the growth of the native heap
# Possible solutions:
#   Reduce memory load on the system
#   Increase physical memory or swap space
#   Check if swap backing store is full
#   Decrease Java heap size (-Xmx/-Xms)
#   Decrease number of Java threads
#   Decrease Java thread stack sizes (-Xss)
#   Set larger code cache with -XX:ReservedCodeCacheSize=
#   JVM is running with Unscaled Compressed Oops mode in which the Java heap is
#     placed in the first 4GB address space. The Java Heap base address is the
#     maximum limit for the native heap growth. Please use -XX:HeapBaseMinAddress
#     to set the Java Heap base and to place the Java Heap above 4GB virtual address.
# This output file may be truncated or incomplete.
#
#  Out of Memory Error (arena.cpp:168), pid=40664, tid=39192
#
# JRE version: OpenJDK Runtime Environment Temurin-21.0.7+6 (21.0.7+6) (build 21.0.7+6-LTS)
# Java VM: OpenJDK 64-Bit Server VM Temurin-21.0.7+6 (21.0.7+6-LTS, mixed mode, sharing, tiered, compressed oops, compressed class ptrs, g1 gc, windows-amd64)
# No core dump will be written. Minidumps are not enabled by default on client versions of Windows
#

---------------  S U M M A R Y ------------

Command Line: -Xmx64m -Xms64m -Dorg.gradle.appname=gradlew C:\Users\qnfrm\my-board-project\backend\\gradle\wrapper\gradle-wrapper.jar bootRun

Host: AMD Ryzen 7 5700X3D 8-Core Processor           , 16 cores, 31G,  Windows 11 , 64 bit Build 26100 (10.0.26100.4202)
Time: Thu Jun 19 02:31:16 2025  Windows 11 , 64 bit Build 26100 (10.0.26100.4202) elapsed time: 16488.423503 seconds (0d 4h 34m 48s)

---------------  T H R E A D  ---------------

Current thread (0x00000236c65c2cc0):  JavaThread "C2 CompilerThread0" daemon [_thread_in_native, id=39192, stack(0x0000006f72700000,0x0000006f72800000) (1024K)]


Current CompileTask:
C2:16488423 2729       4       java.util.regex.Matcher::search (154 bytes)

Stack: [0x0000006f72700000,0x0000006f72800000]
Native frames: (J=compiled Java code, j=interpreted, Vv=VM code, C=native code)
V  [jvm.dll+0x6ce119]
V  [jvm.dll+0x8a84a1]
V  [jvm.dll+0x8aa9ce]
V  [jvm.dll+0x8ab0b3]
V  [jvm.dll+0x27f8a6]
V  [jvm.dll+0xc507d]
V  [jvm.dll+0xc55b3]
V  [jvm.dll+0x2f2c6d]
V  [jvm.dll+0x5f6bca]
V  [jvm.dll+0x250cb2]
V  [jvm.dll+0x24947c]
V  [jvm.dll+0x246fc4]
V  [jvm.dll+0x1c760e]
V  [jvm.dll+0x25695a]
V  [jvm.dll+0x254efa]
V  [jvm.dll+0x3f03f6]
V  [jvm.dll+0x851f6b]
V  [jvm.dll+0x6cc7dd]
C  [ucrtbase.dll+0x37b0]
C  [KERNEL32.DLL+0x2e8d7]
C  [ntdll.dll+0x3c34c]


---------------  P R O C E S S  ---------------

Threads class SMR info:
_java_thread_list=0x00000236c6669940, length=13, elements={
0x00000236a93d30c0, 0x00000236c65b3a80, 0x00000236c65b89f0, 0x00000236c65bca20,
0x00000236c65bd6d0, 0x00000236c65c0a20, 0x00000236c65c1ab0, 0x00000236c65c2cc0,
0x00000236c65c6f30, 0x00000236c67ea070, 0x00000236c67ea890, 0x000002370d321600,
0x000002370c14d9c0
}

Java Threads: ( => current thread )
  0x00000236a93d30c0 JavaThread "main"                              [_thread_in_native, id=39396, stack(0x0000006f71900000,0x0000006f71a00000) (1024K)]
  0x00000236c65b3a80 JavaThread "Reference Handler"          daemon [_thread_blocked, id=39428, stack(0x0000006f72100000,0x0000006f72200000) (1024K)]
  0x00000236c65b89f0 JavaThread "Finalizer"                  daemon [_thread_blocked, id=33160, stack(0x0000006f72200000,0x0000006f72300000) (1024K)]
  0x00000236c65bca20 JavaThread "Signal Dispatcher"          daemon [_thread_blocked, id=11036, stack(0x0000006f72300000,0x0000006f72400000) (1024K)]
  0x00000236c65bd6d0 JavaThread "Attach Listener"            daemon [_thread_blocked, id=11052, stack(0x0000006f72400000,0x0000006f72500000) (1024K)]
  0x00000236c65c0a20 JavaThread "Service Thread"             daemon [_thread_blocked, id=38276, stack(0x0000006f72500000,0x0000006f72600000) (1024K)]
  0x00000236c65c1ab0 JavaThread "Monitor Deflation Thread"   daemon [_thread_blocked, id=36440, stack(0x0000006f72600000,0x0000006f72700000) (1024K)]
=>0x00000236c65c2cc0 JavaThread "C2 CompilerThread0"         daemon [_thread_in_native, id=39192, stack(0x0000006f72700000,0x0000006f72800000) (1024K)]
  0x00000236c65c6f30 JavaThread "C1 CompilerThread0"         daemon [_thread_blocked, id=40880, stack(0x0000006f72800000,0x0000006f72900000) (1024K)]
  0x00000236c67ea070 JavaThread "Notification Thread"        daemon [_thread_blocked, id=39252, stack(0x0000006f72a00000,0x0000006f72b00000) (1024K)]
  0x00000236c67ea890 JavaThread "Common-Cleaner"             daemon [_thread_blocked, id=18272, stack(0x0000006f72b00000,0x0000006f72c00000) (1024K)]
  0x000002370d321600 JavaThread "pool-1-thread-1"                   [_thread_blocked, id=5964, stack(0x0000006f73500000,0x0000006f73600000) (1024K)]
  0x000002370c14d9c0 JavaThread "C1 CompilerThread1"         daemon [_thread_blocked, id=33944, stack(0x0000006f71700000,0x0000006f71800000) (1024K)]
Total: 13

Other Threads:
  0x00000236c6598260 VMThread "VM Thread"                           [id=13912, stack(0x0000006f72000000,0x0000006f72100000) (1024K)]
  0x00000236c658cef0 WatcherThread "VM Periodic Task Thread"        [id=27720, stack(0x0000006f71f00000,0x0000006f72000000) (1024K)]
  0x00000236ab6357f0 WorkerThread "GC Thread#0"                     [id=32732, stack(0x0000006f71a00000,0x0000006f71b00000) (1024K)]
  0x00000236c6a567f0 WorkerThread "GC Thread#1"                     [id=37512, stack(0x0000006f72f00000,0x0000006f73000000) (1024K)]
  0x00000236c6a694b0 WorkerThread "GC Thread#2"                     [id=7008, stack(0x0000006f73000000,0x0000006f73100000) (1024K)]
  0x00000236c6a69850 WorkerThread "GC Thread#3"                     [id=38672, stack(0x0000006f73100000,0x0000006f73200000) (1024K)]
  0x000002370d3d0f80 WorkerThread "GC Thread#4"                     [id=33232, stack(0x0000006f73600000,0x0000006f73700000) (1024K)]
  0x000002370d1dc7f0 WorkerThread "GC Thread#5"                     [id=33536, stack(0x0000006f73700000,0x0000006f73800000) (1024K)]
  0x000002370d1dbbf0 WorkerThread "GC Thread#6"                     [id=37212, stack(0x0000006f73800000,0x0000006f73900000) (1024K)]
  0x000002370d3e9ad0 WorkerThread "GC Thread#7"                     [id=30980, stack(0x0000006f73900000,0x0000006f73a00000) (1024K)]
  0x000002370cc86a70 WorkerThread "GC Thread#8"                     [id=26348, stack(0x0000006f71600000,0x0000006f71700000) (1024K)]
  0x00000236ab6377e0 ConcurrentGCThread "G1 Main Marker"            [id=39176, stack(0x0000006f71b00000,0x0000006f71c00000) (1024K)]
  0x00000236ab639160 WorkerThread "G1 Conc#0"                       [id=28392, stack(0x0000006f71c00000,0x0000006f71d00000) (1024K)]
  0x00000236ab6be640 ConcurrentGCThread "G1 Refine#0"               [id=38332, stack(0x0000006f71d00000,0x0000006f71e00000) (1024K)]
  0x00000236ab6bf050 ConcurrentGCThread "G1 Service"                [id=38804, stack(0x0000006f71e00000,0x0000006f71f00000) (1024K)]
Total: 15

Threads with active compile tasks:
C2 CompilerThread0  16488455 2729       4       java.util.regex.Matcher::search (154 bytes)
Total: 1

VM state: not at safepoint (normal execution)

VM Mutex/Monitor currently owned by a thread: None

Heap address: 0x00000000fc000000, size: 64 MB, Compressed Oops mode: 32-bit

CDS archive(s) mapped at: [0x00000236c7000000-0x00000236c7c80000-0x00000236c7c80000), size 13107200, SharedBaseAddress: 0x00000236c7000000, ArchiveRelocationMode: 1.
Compressed class space mapped at: 0x00000236c8000000-0x0000023708000000, reserved size: 1073741824
Narrow klass base: 0x00000236c7000000, Narrow klass shift: 0, Narrow klass range: 0x100000000

GC Precious Log:
 CardTable entry size: 512
 Card Set container configuration: InlinePtr #cards 5 size 8 Array Of Cards #cards 12 size 40 Howl #buckets 4 coarsen threshold 1843 Howl Bitmap #cards 512 size 80 coarsen threshold 460 Card regions per heap region 1 cards per card region 2048
 CPUs: 16 total, 16 available
 Memory: 32694M
 Large Page Support: Disabled
 NUMA Support: Disabled
 Compressed Oops: Enabled (32-bit)
 Heap Region Size: 1M
 Heap Min Capacity: 64M
 Heap Initial Capacity: 64M
 Heap Max Capacity: 64M
 Pre-touch: Disabled
 Parallel Workers: 13
 Concurrent Workers: 3
 Concurrent Refinement Workers: 13
 Periodic GC: Disabled

Heap:
 garbage-first heap   total 65536K, used 12419K [0x00000000fc000000, 0x0000000100000000)
  region size 1024K, 2 young (2048K), 1 survivors (1024K)
 Metaspace       used 10119K, committed 10496K, reserved 1114112K
  class space    used 1290K, committed 1472K, reserved 1048576K

Heap Regions: E=young(eden), S=young(survivor), O=old, HS=humongous(starts), HC=humongous(continues), CS=collection set, F=free, TAMS=top-at-mark-start, PB=parsable bottom
|   0|0x00000000fc000000, 0x00000000fc100000, 0x00000000fc100000|100%|HS|  |TAMS 0x00000000fc000000| PB 0x00000000fc000000| Complete 
|   1|0x00000000fc100000, 0x00000000fc200000, 0x00000000fc200000|100%|HC|  |TAMS 0x00000000fc100000| PB 0x00000000fc100000| Complete 
|   2|0x00000000fc200000, 0x00000000fc300000, 0x00000000fc300000|100%|HC|  |TAMS 0x00000000fc200000| PB 0x00000000fc200000| Complete 
|   3|0x00000000fc300000, 0x00000000fc400000, 0x00000000fc400000|100%| O|  |TAMS 0x00000000fc300000| PB 0x00000000fc300000| Untracked 
|   4|0x00000000fc400000, 0x00000000fc500000, 0x00000000fc500000|100%| O|  |TAMS 0x00000000fc400000| PB 0x00000000fc400000| Untracked 
|   5|0x00000000fc500000, 0x00000000fc600000, 0x00000000fc600000|100%| O|  |TAMS 0x00000000fc500000| PB 0x00000000fc500000| Untracked 
|   6|0x00000000fc600000, 0x00000000fc700000, 0x00000000fc700000|100%| O|  |TAMS 0x00000000fc600000| PB 0x00000000fc600000| Untracked 
|   7|0x00000000fc700000, 0x00000000fc800000, 0x00000000fc800000|100%| O|  |TAMS 0x00000000fc700000| PB 0x00000000fc700000| Untracked 
|   8|0x00000000fc800000, 0x00000000fc900000, 0x00000000fc900000|100%| O|  |TAMS 0x00000000fc800000| PB 0x00000000fc800000| Untracked 
|   9|0x00000000fc900000, 0x00000000fca00000, 0x00000000fca00000|100%| O|  |TAMS 0x00000000fc900000| PB 0x00000000fc900000| Untracked 
|  10|0x00000000fca00000, 0x00000000fcb00000, 0x00000000fcb00000|100%| O|  |TAMS 0x00000000fca00000| PB 0x00000000fca00000| Untracked 
|  11|0x00000000fcb00000, 0x00000000fcb5f558, 0x00000000fcc00000| 37%| O|  |TAMS 0x00000000fcb00000| PB 0x00000000fcb00000| Untracked 
|  12|0x00000000fcc00000, 0x00000000fcc00000, 0x00000000fcd00000|  0%| F|  |TAMS 0x00000000fcc00000| PB 0x00000000fcc00000| Untracked 
|  13|0x00000000fcd00000, 0x00000000fcd00000, 0x00000000fce00000|  0%| F|  |TAMS 0x00000000fcd00000| PB 0x00000000fcd00000| Untracked 
|  14|0x00000000fce00000, 0x00000000fce00000, 0x00000000fcf00000|  0%| F|  |TAMS 0x00000000fce00000| PB 0x00000000fce00000| Untracked 
|  15|0x00000000fcf00000, 0x00000000fcf00000, 0x00000000fd000000|  0%| F|  |TAMS 0x00000000fcf00000| PB 0x00000000fcf00000| Untracked 
|  16|0x00000000fd000000, 0x00000000fd000000, 0x00000000fd100000|  0%| F|  |TAMS 0x00000000fd000000| PB 0x00000000fd000000| Untracked 
|  17|0x00000000fd100000, 0x00000000fd100000, 0x00000000fd200000|  0%| F|  |TAMS 0x00000000fd100000| PB 0x00000000fd100000| Untracked 
|  18|0x00000000fd200000, 0x00000000fd200000, 0x00000000fd300000|  0%| F|  |TAMS 0x00000000fd200000| PB 0x00000000fd200000| Untracked 
|  19|0x00000000fd300000, 0x00000000fd300000, 0x00000000fd400000|  0%| F|  |TAMS 0x00000000fd300000| PB 0x00000000fd300000| Untracked 
|  20|0x00000000fd400000, 0x00000000fd400000, 0x00000000fd500000|  0%| F|  |TAMS 0x00000000fd400000| PB 0x00000000fd400000| Untracked 
|  21|0x00000000fd500000, 0x00000000fd500000, 0x00000000fd600000|  0%| F|  |TAMS 0x00000000fd500000| PB 0x00000000fd500000| Untracked 
|  22|0x00000000fd600000, 0x00000000fd600000, 0x00000000fd700000|  0%| F|  |TAMS 0x00000000fd600000| PB 0x00000000fd600000| Untracked 
|  23|0x00000000fd700000, 0x00000000fd700000, 0x00000000fd800000|  0%| F|  |TAMS 0x00000000fd700000| PB 0x00000000fd700000| Untracked 
|  24|0x00000000fd800000, 0x00000000fd800000, 0x00000000fd900000|  0%| F|  |TAMS 0x00000000fd800000| PB 0x00000000fd800000| Untracked 
|  25|0x00000000fd900000, 0x00000000fd900000, 0x00000000fda00000|  0%| F|  |TAMS 0x00000000fd900000| PB 0x00000000fd900000| Untracked 
|  26|0x00000000fda00000, 0x00000000fdac17d8, 0x00000000fdb00000| 75%| S|CS|TAMS 0x00000000fda00000| PB 0x00000000fda00000| Complete 
|  27|0x00000000fdb00000, 0x00000000fdb00000, 0x00000000fdc00000|  0%| F|  |TAMS 0x00000000fdb00000| PB 0x00000000fdb00000| Untracked 
|  28|0x00000000fdc00000, 0x00000000fdc00000, 0x00000000fdd00000|  0%| F|  |TAMS 0x00000000fdc00000| PB 0x00000000fdc00000| Untracked 
|  29|0x00000000fdd00000, 0x00000000fdd00000, 0x00000000fde00000|  0%| F|  |TAMS 0x00000000fdd00000| PB 0x00000000fdd00000| Untracked 
|  30|0x00000000fde00000, 0x00000000fde00000, 0x00000000fdf00000|  0%| F|  |TAMS 0x00000000fde00000| PB 0x00000000fde00000| Untracked 
|  31|0x00000000fdf00000, 0x00000000fdf00000, 0x00000000fe000000|  0%| F|  |TAMS 0x00000000fdf00000| PB 0x00000000fdf00000| Untracked 
|  32|0x00000000fe000000, 0x00000000fe000000, 0x00000000fe100000|  0%| F|  |TAMS 0x00000000fe000000| PB 0x00000000fe000000| Untracked 
|  33|0x00000000fe100000, 0x00000000fe100000, 0x00000000fe200000|  0%| F|  |TAMS 0x00000000fe100000| PB 0x00000000fe100000| Untracked 
|  34|0x00000000fe200000, 0x00000000fe200000, 0x00000000fe300000|  0%| F|  |TAMS 0x00000000fe200000| PB 0x00000000fe200000| Untracked 
|  35|0x00000000fe300000, 0x00000000fe300000, 0x00000000fe400000|  0%| F|  |TAMS 0x00000000fe300000| PB 0x00000000fe300000| Untracked 
|  36|0x00000000fe400000, 0x00000000fe400000, 0x00000000fe500000|  0%| F|  |TAMS 0x00000000fe400000| PB 0x00000000fe400000| Untracked 
|  37|0x00000000fe500000, 0x00000000fe500000, 0x00000000fe600000|  0%| F|  |TAMS 0x00000000fe500000| PB 0x00000000fe500000| Untracked 
|  38|0x00000000fe600000, 0x00000000fe600000, 0x00000000fe700000|  0%| F|  |TAMS 0x00000000fe600000| PB 0x00000000fe600000| Untracked 
|  39|0x00000000fe700000, 0x00000000fe700000, 0x00000000fe800000|  0%| F|  |TAMS 0x00000000fe700000| PB 0x00000000fe700000| Untracked 
|  40|0x00000000fe800000, 0x00000000fe800000, 0x00000000fe900000|  0%| F|  |TAMS 0x00000000fe800000| PB 0x00000000fe800000| Untracked 
|  41|0x00000000fe900000, 0x00000000fe900000, 0x00000000fea00000|  0%| F|  |TAMS 0x00000000fe900000| PB 0x00000000fe900000| Untracked 
|  42|0x00000000fea00000, 0x00000000fea00000, 0x00000000feb00000|  0%| F|  |TAMS 0x00000000fea00000| PB 0x00000000fea00000| Untracked 
|  43|0x00000000feb00000, 0x00000000feb00000, 0x00000000fec00000|  0%| F|  |TAMS 0x00000000feb00000| PB 0x00000000feb00000| Untracked 
|  44|0x00000000fec00000, 0x00000000fec00000, 0x00000000fed00000|  0%| F|  |TAMS 0x00000000fec00000| PB 0x00000000fec00000| Untracked 
|  45|0x00000000fed00000, 0x00000000fed00000, 0x00000000fee00000|  0%| F|  |TAMS 0x00000000fed00000| PB 0x00000000fed00000| Untracked 
|  46|0x00000000fee00000, 0x00000000fee00000, 0x00000000fef00000|  0%| F|  |TAMS 0x00000000fee00000| PB 0x00000000fee00000| Untracked 
|  47|0x00000000fef00000, 0x00000000fef00000, 0x00000000ff000000|  0%| F|  |TAMS 0x00000000fef00000| PB 0x00000000fef00000| Untracked 
|  48|0x00000000ff000000, 0x00000000ff000000, 0x00000000ff100000|  0%| F|  |TAMS 0x00000000ff000000| PB 0x00000000ff000000| Untracked 
|  49|0x00000000ff100000, 0x00000000ff100000, 0x00000000ff200000|  0%| F|  |TAMS 0x00000000ff100000| PB 0x00000000ff100000| Untracked 
|  50|0x00000000ff200000, 0x00000000ff200000, 0x00000000ff300000|  0%| F|  |TAMS 0x00000000ff200000| PB 0x00000000ff200000| Untracked 
|  51|0x00000000ff300000, 0x00000000ff300000, 0x00000000ff400000|  0%| F|  |TAMS 0x00000000ff300000| PB 0x00000000ff300000| Untracked 
|  52|0x00000000ff400000, 0x00000000ff400000, 0x00000000ff500000|  0%| F|  |TAMS 0x00000000ff400000| PB 0x00000000ff400000| Untracked 
|  53|0x00000000ff500000, 0x00000000ff500000, 0x00000000ff600000|  0%| F|  |TAMS 0x00000000ff500000| PB 0x00000000ff500000| Untracked 
|  54|0x00000000ff600000, 0x00000000ff600000, 0x00000000ff700000|  0%| F|  |TAMS 0x00000000ff600000| PB 0x00000000ff600000| Untracked 
|  55|0x00000000ff700000, 0x00000000ff700000, 0x00000000ff800000|  0%| F|  |TAMS 0x00000000ff700000| PB 0x00000000ff700000| Untracked 
|  56|0x00000000ff800000, 0x00000000ff800000, 0x00000000ff900000|  0%| F|  |TAMS 0x00000000ff800000| PB 0x00000000ff800000| Untracked 
|  57|0x00000000ff900000, 0x00000000ff900000, 0x00000000ffa00000|  0%| F|  |TAMS 0x00000000ff900000| PB 0x00000000ff900000| Untracked 
|  58|0x00000000ffa00000, 0x00000000ffa00000, 0x00000000ffb00000|  0%| F|  |TAMS 0x00000000ffa00000| PB 0x00000000ffa00000| Untracked 
|  59|0x00000000ffb00000, 0x00000000ffb00000, 0x00000000ffc00000|  0%| F|  |TAMS 0x00000000ffb00000| PB 0x00000000ffb00000| Untracked 
|  60|0x00000000ffc00000, 0x00000000ffc00000, 0x00000000ffd00000|  0%| F|  |TAMS 0x00000000ffc00000| PB 0x00000000ffc00000| Untracked 
|  61|0x00000000ffd00000, 0x00000000ffd00000, 0x00000000ffe00000|  0%| F|  |TAMS 0x00000000ffd00000| PB 0x00000000ffd00000| Untracked 
|  62|0x00000000ffe00000, 0x00000000ffe00000, 0x00000000fff00000|  0%| F|  |TAMS 0x00000000ffe00000| PB 0x00000000ffe00000| Untracked 
|  63|0x00000000fff00000, 0x00000000fff95d38, 0x0000000100000000| 58%| E|  |TAMS 0x00000000fff00000| PB 0x00000000fff00000| Complete 

Card table byte_map: [0x00000236ab560000,0x00000236ab580000] _byte_map_base: 0x00000236aad80000

Marking Bits: (CMBitMap*) 0x00000236ab636700
 Bits: [0x00000236c3590000, 0x00000236c3690000)

Polling page: 0x00000236aade0000

Metaspace:

Usage:
  Non-class:      8.62 MB used.
      Class:      1.26 MB used.
       Both:      9.88 MB used.

Virtual space:
  Non-class space:       64.00 MB reserved,       8.81 MB ( 14%) committed,  1 nodes.
      Class space:        1.00 GB reserved,       1.44 MB ( <1%) committed,  1 nodes.
             Both:        1.06 GB reserved,      10.25 MB ( <1%) committed. 

Chunk freelists:
   Non-Class:  6.30 MB
       Class:  14.51 MB
        Both:  20.81 MB

MaxMetaspaceSize: unlimited
CompressedClassSpaceSize: 1.00 GB
Initial GC threshold: 21.00 MB
Current GC threshold: 21.00 MB
CDS: on
 - commit_granule_bytes: 65536.
 - commit_granule_words: 8192.
 - virtual_space_node_default_size: 8388608.
 - enlarge_chunks_in_place: 1.
 - use_allocation_guard: 0.


Internal statistics:

num_allocs_failed_limit: 0.
num_arena_births: 308.
num_arena_deaths: 0.
num_vsnodes_births: 2.
num_vsnodes_deaths: 0.
num_space_committed: 164.
num_space_uncommitted: 0.
num_chunks_returned_to_freelist: 0.
num_chunks_taken_from_freelist: 626.
num_chunk_merges: 0.
num_chunk_splits: 396.
num_chunks_enlarged: 264.
num_inconsistent_stats: 0.

CodeHeap 'non-profiled nmethods': size=119168Kb used=1720Kb max_used=1720Kb free=117448Kb
 bounds [0x00000236bb8b0000, 0x00000236bbb20000, 0x00000236c2d10000]
CodeHeap 'profiled nmethods': size=119104Kb used=4840Kb max_used=4840Kb free=114263Kb
 bounds [0x00000236b3d10000, 0x00000236b41d0000, 0x00000236bb160000]
CodeHeap 'non-nmethods': size=7488Kb used=1974Kb max_used=3121Kb free=5513Kb
 bounds [0x00000236bb160000, 0x00000236bb470000, 0x00000236bb8b0000]
 total_blobs=3234 nmethods=2729 adapters=408
 compilation: enabled
              stopped_count=0, restarted_count=0
 full_count=0

Compilation events (20 events):
Event: 16486.405 Thread 0x00000236c65c6f30 2719       3       java.util.regex.Matcher::checkMatch (19 bytes)
Event: 16486.406 Thread 0x00000236c65c6f30 nmethod 2719 0x00000236b41c7a90 code [0x00000236b41c7c60, 0x00000236b41c7f30]
Event: 16486.406 Thread 0x00000236c65c6f30 2720       3       java.util.regex.Matcher::hasMatch (13 bytes)
Event: 16486.406 Thread 0x00000236c65c2cc0 nmethod 2727 0x00000236bba5d010 code [0x00000236bba5d1a0, 0x00000236bba5d238]
Event: 16486.406 Thread 0x00000236c65c2cc0 2728       4       java.util.regex.Pattern$BmpCharPropertyGreedy::match (89 bytes)
Event: 16486.406 Thread 0x00000236c65c6f30 nmethod 2720 0x00000236b41c8090 code [0x00000236b41c8220, 0x00000236b41c8380]
Event: 16486.406 Thread 0x00000236c65c6f30 2717       3       java.util.regex.Pattern$LastNode::match (45 bytes)
Event: 16486.406 Thread 0x00000236c65c6f30 nmethod 2717 0x00000236b41c8410 code [0x00000236b41c85c0, 0x00000236b41c87c0]
Event: 16486.406 Thread 0x00000236c65c6f30 2723       3       java.lang.String::subSequence (7 bytes)
Event: 16486.406 Thread 0x00000236c65c6f30 nmethod 2723 0x00000236b41c8910 code [0x00000236b41c8ac0, 0x00000236b41c8bf8]
Event: 16486.406 Thread 0x00000236c65c6f30 2724       3       java.util.regex.Matcher::start (9 bytes)
Event: 16486.406 Thread 0x00000236c65c6f30 nmethod 2724 0x00000236b41c8c90 code [0x00000236b41c8e60, 0x00000236b41c9198]
Event: 16486.406 Thread 0x00000236c65c6f30 2725       3       java.util.regex.Matcher::find (69 bytes)
Event: 16486.406 Thread 0x00000236c65c6f30 nmethod 2725 0x00000236b41c9310 code [0x00000236b41c94e0, 0x00000236b41c97b8]
Event: 16486.406 Thread 0x00000236c65c6f30 2726       3       java.util.regex.Matcher::end (9 bytes)
Event: 16486.406 Thread 0x00000236c65c6f30 nmethod 2726 0x00000236b41c9890 code [0x00000236b41c9a60, 0x00000236b41c9d98]
Event: 16486.406 Thread 0x00000236c65c6f30 2715       2       java.util.regex.Pattern::lambda$Single$14 (11 bytes)
Event: 16486.406 Thread 0x00000236c65c6f30 nmethod 2715 0x00000236b41c9f10 code [0x00000236b41ca0a0, 0x00000236b41ca198]
Event: 16486.410 Thread 0x00000236c65c2cc0 nmethod 2728 0x00000236bba5d310 code [0x00000236bba5d4e0, 0x00000236bba5d998]
Event: 16486.410 Thread 0x00000236c65c2cc0 2729       4       java.util.regex.Matcher::search (154 bytes)

GC Heap History (16 events):
Event: 0.276 GC heap before
{Heap before GC invocations=0 (full 0):
 garbage-first heap   total 65536K, used 22528K [0x00000000fc000000, 0x0000000100000000)
  region size 1024K, 23 young (23552K), 0 survivors (0K)
 Metaspace       used 1644K, committed 1856K, reserved 1114112K
  class space    used 151K, committed 256K, reserved 1048576K
}
Event: 0.278 GC heap after
{Heap after GC invocations=1 (full 0):
 garbage-first heap   total 65536K, used 2048K [0x00000000fc000000, 0x0000000100000000)
  region size 1024K, 2 young (2048K), 2 survivors (2048K)
 Metaspace       used 1644K, committed 1856K, reserved 1114112K
  class space    used 151K, committed 256K, reserved 1048576K
}
Event: 0.776 GC heap before
{Heap before GC invocations=1 (full 0):
 garbage-first heap   total 65536K, used 37888K [0x00000000fc000000, 0x0000000100000000)
  region size 1024K, 35 young (35840K), 2 survivors (2048K)
 Metaspace       used 7967K, committed 8256K, reserved 1114112K
  class space    used 1069K, committed 1216K, reserved 1048576K
}
Event: 0.779 GC heap after
{Heap after GC invocations=2 (full 0):
 garbage-first heap   total 65536K, used 11796K [0x00000000fc000000, 0x0000000100000000)
  region size 1024K, 5 young (5120K), 5 survivors (5120K)
 Metaspace       used 7967K, committed 8256K, reserved 1114112K
  class space    used 1069K, committed 1216K, reserved 1048576K
}
Event: 1831.284 GC heap before
{Heap before GC invocations=2 (full 0):
 garbage-first heap   total 65536K, used 42516K [0x00000000fc000000, 0x0000000100000000)
  region size 1024K, 35 young (35840K), 5 survivors (5120K)
 Metaspace       used 10007K, committed 10368K, reserved 1114112K
  class space    used 1283K, committed 1472K, reserved 1048576K
}
Event: 1831.288 GC heap after
{Heap after GC invocations=3 (full 0):
 garbage-first heap   total 65536K, used 12570K [0x00000000fc000000, 0x0000000100000000)
  region size 1024K, 1 young (1024K), 1 survivors (1024K)
 Metaspace       used 10007K, committed 10368K, reserved 1114112K
  class space    used 1283K, committed 1472K, reserved 1048576K
}
Event: 4386.901 GC heap before
{Heap before GC invocations=3 (full 0):
 garbage-first heap   total 65536K, used 45338K [0x00000000fc000000, 0x0000000100000000)
  region size 1024K, 33 young (33792K), 1 survivors (1024K)
 Metaspace       used 10032K, committed 10368K, reserved 1114112K
  class space    used 1283K, committed 1472K, reserved 1048576K
}
Event: 4386.904 GC heap after
{Heap after GC invocations=4 (full 0):
 garbage-first heap   total 65536K, used 12416K [0x00000000fc000000, 0x0000000100000000)
  region size 1024K, 1 young (1024K), 1 survivors (1024K)
 Metaspace       used 10032K, committed 10368K, reserved 1114112K
  class space    used 1283K, committed 1472K, reserved 1048576K
}
Event: 7342.495 GC heap before
{Heap before GC invocations=4 (full 0):
 garbage-first heap   total 65536K, used 50304K [0x00000000fc000000, 0x0000000100000000)
  region size 1024K, 38 young (38912K), 1 survivors (1024K)
 Metaspace       used 10035K, committed 10368K, reserved 1114112K
  class space    used 1283K, committed 1472K, reserved 1048576K
}
Event: 7342.497 GC heap after
{Heap after GC invocations=5 (full 0):
 garbage-first heap   total 65536K, used 12421K [0x00000000fc000000, 0x0000000100000000)
  region size 1024K, 1 young (1024K), 1 survivors (1024K)
 Metaspace       used 10035K, committed 10368K, reserved 1114112K
  class space    used 1283K, committed 1472K, reserved 1048576K
}
Event: 10423.182 GC heap before
{Heap before GC invocations=5 (full 0):
 garbage-first heap   total 65536K, used 50309K [0x00000000fc000000, 0x0000000100000000)
  region size 1024K, 38 young (38912K), 1 survivors (1024K)
 Metaspace       used 10037K, committed 10368K, reserved 1114112K
  class space    used 1283K, committed 1472K, reserved 1048576K
}
Event: 10423.183 GC heap after
{Heap after GC invocations=6 (full 0):
 garbage-first heap   total 65536K, used 12385K [0x00000000fc000000, 0x0000000100000000)
  region size 1024K, 1 young (1024K), 1 survivors (1024K)
 Metaspace       used 10037K, committed 10368K, reserved 1114112K
  class space    used 1283K, committed 1472K, reserved 1048576K
}
Event: 13496.181 GC heap before
{Heap before GC invocations=6 (full 0):
 garbage-first heap   total 65536K, used 50273K [0x00000000fc000000, 0x0000000100000000)
  region size 1024K, 38 young (38912K), 1 survivors (1024K)
 Metaspace       used 10037K, committed 10368K, reserved 1114112K
  class space    used 1283K, committed 1472K, reserved 1048576K
}
Event: 13496.182 GC heap after
{Heap after GC invocations=7 (full 0):
 garbage-first heap   total 65536K, used 12437K [0x00000000fc000000, 0x0000000100000000)
  region size 1024K, 1 young (1024K), 1 survivors (1024K)
 Metaspace       used 10037K, committed 10368K, reserved 1114112K
  class space    used 1283K, committed 1472K, reserved 1048576K
}
Event: 16486.392 GC heap before
{Heap before GC invocations=7 (full 0):
 garbage-first heap   total 65536K, used 50325K [0x00000000fc000000, 0x0000000100000000)
  region size 1024K, 38 young (38912K), 1 survivors (1024K)
 Metaspace       used 10045K, committed 10432K, reserved 1114112K
  class space    used 1284K, committed 1472K, reserved 1048576K
}
Event: 16486.394 GC heap after
{Heap after GC invocations=8 (full 0):
 garbage-first heap   total 65536K, used 12419K [0x00000000fc000000, 0x0000000100000000)
  region size 1024K, 1 young (1024K), 1 survivors (1024K)
 Metaspace       used 10045K, committed 10432K, reserved 1114112K
  class space    used 1284K, committed 1472K, reserved 1048576K
}

Dll operation events (13 events):
Event: 0.008 Loaded shared library C:\Program Files\Eclipse Adoptium\jdk-21.0.7.6-hotspot\bin\java.dll
Event: 0.030 Loaded shared library C:\Program Files\Eclipse Adoptium\jdk-21.0.7.6-hotspot\bin\jsvml.dll
Event: 0.040 Loaded shared library C:\Program Files\Eclipse Adoptium\jdk-21.0.7.6-hotspot\bin\net.dll
Event: 0.043 Loaded shared library C:\Program Files\Eclipse Adoptium\jdk-21.0.7.6-hotspot\bin\nio.dll
Event: 0.045 Loaded shared library C:\Program Files\Eclipse Adoptium\jdk-21.0.7.6-hotspot\bin\zip.dll
Event: 0.049 Loaded shared library C:\Program Files\Eclipse Adoptium\jdk-21.0.7.6-hotspot\bin\verify.dll
Event: 0.281 Loaded shared library C:\Program Files\Eclipse Adoptium\jdk-21.0.7.6-hotspot\bin\jimage.dll
Event: 0.514 Loaded shared library C:\Program Files\Eclipse Adoptium\jdk-21.0.7.6-hotspot\bin\management.dll
Event: 0.515 Loaded shared library C:\Program Files\Eclipse Adoptium\jdk-21.0.7.6-hotspot\bin\management_ext.dll
Event: 0.546 Loaded shared library C:\Users\qnfrm\.gradle\native\1def1411415f61bf3af743bc5b6707747c0891f09f0c88961ee8f79bc544acac\windows-amd64\native-platform.dll
Event: 0.568 Loaded shared library C:\Users\qnfrm\.gradle\native\jansi\1.18\windows64\jansi.dll
Event: 0.667 Loaded shared library C:\Program Files\Eclipse Adoptium\jdk-21.0.7.6-hotspot\bin\extnet.dll
Event: 0.845 Loaded shared library C:\Program Files\Eclipse Adoptium\jdk-21.0.7.6-hotspot\bin\sunmscapi.dll

Deoptimization events (20 events):
Event: 16478.831 Thread 0x000002370d321600 Uncommon trap: trap_request=0xffffff45 fr.pc=0x00000236bba137d4 relative=0x00000000000000b4
Event: 16478.831 Thread 0x000002370d321600 Uncommon trap: reason=unstable_if action=reinterpret pc=0x00000236bba137d4 method=org.gradle.internal.time.MonotonicClock.advance(J)J @ 11 c2
Event: 16478.831 Thread 0x000002370d321600 DEOPT PACKING pc=0x00000236bba137d4 sp=0x0000006f735fec50
Event: 16478.831 Thread 0x000002370d321600 DEOPT UNPACKING pc=0x00000236bb1b46a2 sp=0x0000006f735febc8 mode 2
Event: 16486.388 Thread 0x000002370d321600 Uncommon trap: trap_request=0xffffff45 fr.pc=0x00000236bb9a04fc relative=0x0000000000001dfc
Event: 16486.388 Thread 0x000002370d321600 Uncommon trap: reason=unstable_if action=reinterpret pc=0x00000236bb9a04fc method=net.rubygrapefruit.platform.internal.FunctionResult.isFailed()Z @ 4 c2
Event: 16486.388 Thread 0x000002370d321600 DEOPT PACKING pc=0x00000236bb9a04fc sp=0x0000006f735fe9f0
Event: 16486.388 Thread 0x000002370d321600 DEOPT UNPACKING pc=0x00000236bb1b46a2 sp=0x0000006f735fe818 mode 2
Event: 16486.400 Thread 0x000002370d321600 Uncommon trap: trap_request=0xffffffc6 fr.pc=0x00000236bb9f0b60 relative=0x0000000000000380
Event: 16486.400 Thread 0x000002370d321600 Uncommon trap: reason=bimorphic_or_optimized_type_check action=maybe_recompile pc=0x00000236bb9f0b60 method=java.nio.Buffer.<init>(IIIILjava/lang/foreign/MemorySegment;)V @ 39 c2
Event: 16486.400 Thread 0x000002370d321600 DEOPT PACKING pc=0x00000236bb9f0b60 sp=0x0000006f735fcfa0
Event: 16486.400 Thread 0x000002370d321600 DEOPT UNPACKING pc=0x00000236bb1b46a2 sp=0x0000006f735fcf78 mode 2
Event: 16486.403 Thread 0x000002370d321600 Uncommon trap: trap_request=0xffffff45 fr.pc=0x00000236bb8deb48 relative=0x0000000000000508
Event: 16486.403 Thread 0x000002370d321600 Uncommon trap: reason=unstable_if action=reinterpret pc=0x00000236bb8deb48 method=java.lang.StringLatin1.newString([BII)Ljava/lang/String; @ 1 c2
Event: 16486.403 Thread 0x000002370d321600 DEOPT PACKING pc=0x00000236bb8deb48 sp=0x0000006f735fda00
Event: 16486.403 Thread 0x000002370d321600 DEOPT UNPACKING pc=0x00000236bb1b46a2 sp=0x0000006f735fd9c8 mode 2
Event: 16486.411 Thread 0x000002370d321600 Uncommon trap: trap_request=0xffffffc6 fr.pc=0x00000236bb9f0b60 relative=0x0000000000000380
Event: 16486.411 Thread 0x000002370d321600 Uncommon trap: reason=bimorphic_or_optimized_type_check action=maybe_recompile pc=0x00000236bb9f0b60 method=java.nio.Buffer.<init>(IIIILjava/lang/foreign/MemorySegment;)V @ 39 c2
Event: 16486.411 Thread 0x000002370d321600 DEOPT PACKING pc=0x00000236bb9f0b60 sp=0x0000006f735fccf0
Event: 16488.421 Thread 0x000002370d321600 DEOPT UNPACKING pc=0x00000236bb1b46a2 sp=0x0000006f735fccc8 mode 2

Classes loaded (20 events):
Event: 0.871 Loading class java/io/BufferedReader
Event: 0.871 Loading class java/io/BufferedReader done
Event: 0.871 Loading class sun/nio/cs/StreamDecoder
Event: 0.871 Loading class sun/nio/cs/StreamDecoder done
Event: 0.871 Loading class sun/nio/cs/UTF_8$Decoder
Event: 0.871 Loading class sun/nio/cs/UTF_8$Decoder done
Event: 1.004 Loading class java/lang/invoke/MethodHandle$1
Event: 1.004 Loading class java/lang/invoke/MethodHandle$1 done
Event: 1.083 Loading class java/util/AbstractList$ListItr
Event: 1.083 Loading class java/util/AbstractList$ListItr done
Event: 1916.882 Loading class java/lang/foreign/MemorySegment
Event: 1916.883 Loading class java/lang/foreign/MemorySegment done
Event: 16486.409 Loading class sun/util/resources/LocaleData$CommonResourceBundleProvider
Event: 16486.409 Loading class sun/util/resources/LocaleData$LocaleDataResourceBundleProvider
Event: 16486.409 Loading class java/util/spi/ResourceBundleProvider
Event: 16486.409 Loading class java/util/spi/ResourceBundleProvider done
Event: 16486.409 Loading class sun/util/resources/LocaleData$LocaleDataResourceBundleProvider done
Event: 16486.409 Loading class sun/util/resources/LocaleData$CommonResourceBundleProvider done
Event: 16486.411 Loading class sun/util/resources/Bundles$2
Event: 16486.411 Loading class sun/util/resources/Bundles$2 done

Classes unloaded (0 events):
No events

Classes redefined (0 events):
No events

Internal exceptions (20 events):
Event: 0.715 Thread 0x00000236a93d30c0 Exception <a 'java/lang/NoSuchMethodError'{0x00000000fe1d7920}: 'java.lang.Object java.lang.invoke.DirectMethodHandle$Holder.invokeStatic(java.lang.Object, java.lang.Object, java.lang.Object, java.lang.Object, java.lang.Object, java.lang.Object, java.lang.Object, java.lang.Object, java.lang.Object, java.lang.Object, java.lang.Object, java.lang.Object, java.lang.Object, java.lang.Object, java.lang.Object)'> (0x00000000fe1d7920) 
thrown [s\src\hotspot\share\interpreter\linkResolver.cpp, line 773]
Event: 0.716 Thread 0x00000236a93d30c0 Exception <a 'java/lang/NoSuchMethodError'{0x00000000fe1fac50}: 'java.lang.Object java.lang.invoke.DirectMethodHandle$Holder.invokeStatic(java.lang.Object, java.lang.Object, java.lang.Object, java.lang.Object, java.lang.Object, java.lang.Object, java.lang.Object, java.lang.Object, java.lang.Object, java.lang.Object, java.lang.Object, java.lang.Object, java.lang.Object, java.lang.Object, java.lang.Object, java.lang.Object)'> (0x00000000fe1fac50) 
thrown [s\src\hotspot\share\interpreter\linkResolver.cpp, lin
Event: 0.718 Thread 0x00000236a93d30c0 Exception <a 'java/lang/NoSuchMethodError'{0x00000000fe021280}: 'java.lang.Object java.lang.invoke.DirectMethodHandle$Holder.invokeStatic(java.lang.Object, java.lang.Object, java.lang.Object, java.lang.Object, java.lang.Object, java.lang.Object, java.lang.Object, java.lang.Object, java.lang.Object, java.lang.Object, java.lang.Object, java.lang.Object, java.lang.Object, java.lang.Object, java.lang.Object, java.lang.Object, java.lang.Object)'> (0x00000000fe021280) 
thrown [s\src\hotspot\share\interpreter\lin
Event: 0.720 Thread 0x00000236a93d30c0 Exception <a 'java/lang/NoSuchMethodError'{0x00000000fe048aa8}: 'java.lang.Object java.lang.invoke.DirectMethodHandle$Holder.invokeStatic(java.lang.Object, java.lang.Object, java.lang.Object, java.lang.Object, java.lang.Object, java.lang.Object, java.lang.Object, java.lang.Object, java.lang.Object, java.lang.Object, java.lang.Object, java.lang.Object, java.lang.Object, java.lang.Object, java.lang.Object, java.lang.Object, java.lang.Object, java.lang.Object)'> (0x00000000fe048aa8) 
thrown [s\src\hotspot\sha
Event: 0.722 Thread 0x00000236a93d30c0 Exception <a 'java/lang/NoSuchMethodError'{0x00000000fe071608}: 'java.lang.Object java.lang.invoke.DirectMethodHandle$Holder.invokeStatic(java.lang.Object, java.lang.Object, java.lang.Object, java.lang.Object, java.lang.Object, java.lang.Object, java.lang.Object, java.lang.Object, java.lang.Object, java.lang.Object, java.lang.Object, java.lang.Object, java.lang.Object, java.lang.Object, java.lang.Object, java.lang.Object, java.lang.Object, java.lang.Object, java.lang.Object)'> (0x00000000fe071608) 
thrown 
Event: 0.724 Thread 0x00000236a93d30c0 Exception <a 'java/lang/NoSuchMethodError'{0x00000000fe09b1d0}: 'java.lang.Object java.lang.invoke.DirectMethodHandle$Holder.invokeStatic(java.lang.Object, java.lang.Object, java.lang.Object, java.lang.Object, java.lang.Object, java.lang.Object, java.lang.Object, java.lang.Object, java.lang.Object, java.lang.Object, java.lang.Object, java.lang.Object, java.lang.Object, java.lang.Object, java.lang.Object, java.lang.Object, java.lang.Object, java.lang.Object, java.lang.Object, java.lang.Object)'> (0x00000000
Event: 0.726 Thread 0x00000236a93d30c0 Exception <a 'java/lang/NoSuchMethodError'{0x00000000fe0c5dd0}: 'java.lang.Object java.lang.invoke.DirectMethodHandle$Holder.invokeStatic(java.lang.Object, java.lang.Object, java.lang.Object, java.lang.Object, java.lang.Object, java.lang.Object, java.lang.Object, java.lang.Object, java.lang.Object, java.lang.Object, java.lang.Object, java.lang.Object, java.lang.Object, java.lang.Object, java.lang.Object, java.lang.Object, java.lang.Object, java.lang.Object, java.lang.Object, java.lang.Object, java.lang.Obj
Event: 0.728 Thread 0x00000236a93d30c0 Exception <a 'java/lang/NoSuchMethodError'{0x00000000fe0f16b0}: 'java.lang.Object java.lang.invoke.DirectMethodHandle$Holder.invokeStatic(java.lang.Object, java.lang.Object, java.lang.Object, java.lang.Object, java.lang.Object, java.lang.Object, java.lang.Object, java.lang.Object, java.lang.Object, java.lang.Object, java.lang.Object, java.lang.Object, java.lang.Object, java.lang.Object, java.lang.Object, java.lang.Object, java.lang.Object, java.lang.Object, java.lang.Object, java.lang.Object, java.lang.Obj
Event: 0.729 Thread 0x00000236a93d30c0 Exception <a 'java/lang/NoSuchMethodError'{0x00000000fdf1dd48}: 'java.lang.Object java.lang.invoke.DirectMethodHandle$Holder.invokeStatic(java.lang.Object, java.lang.Object, java.lang.Object, java.lang.Object, java.lang.Object, java.lang.Object, java.lang.Object, java.lang.Object, java.lang.Object, java.lang.Object, java.lang.Object, java.lang.Object, java.lang.Object, java.lang.Object, java.lang.Object, java.lang.Object, java.lang.Object, java.lang.Object, java.lang.Object, java.lang.Object, java.lang.Obj
Event: 0.731 Thread 0x00000236a93d30c0 Exception <a 'java/lang/NoSuchMethodError'{0x00000000fdf4ab78}: 'java.lang.Object java.lang.invoke.DirectMethodHandle$Holder.invokeStatic(java.lang.Object, java.lang.Object, java.lang.Object, java.lang.Object, java.lang.Object, java.lang.Object, java.lang.Object, java.lang.Object, java.lang.Object, java.lang.Object, java.lang.Object, java.lang.Object, java.lang.Object, java.lang.Object, java.lang.Object, java.lang.Object, java.lang.Object, java.lang.Object, java.lang.Object, java.lang.Object, java.lang.Obj
Event: 0.733 Thread 0x00000236a93d30c0 Exception <a 'java/lang/NoSuchMethodError'{0x00000000fdf79690}: 'java.lang.Object java.lang.invoke.DirectMethodHandle$Holder.invokeStatic(java.lang.Object, java.lang.Object, java.lang.Object, java.lang.Object, java.lang.Object, java.lang.Object, java.lang.Object, java.lang.Object, java.lang.Object, java.lang.Object, java.lang.Object, java.lang.Object, java.lang.Object, java.lang.Object, java.lang.Object, java.lang.Object, java.lang.Object, java.lang.Object, java.lang.Object, java.lang.Object, java.lang.Obj
Event: 0.736 Thread 0x00000236a93d30c0 Exception <a 'java/lang/NoSuchMethodError'{0x00000000fdf9e310}: 'java.lang.Object java.lang.invoke.DirectMethodHandle$Holder.invokeSpecial(java.lang.Object, java.lang.Object, java.lang.Object, java.lang.Object, java.lang.Object, java.lang.Object, java.lang.Object, java.lang.Object, java.lang.Object, java.lang.Object, java.lang.Object, java.lang.Object, java.lang.Object, java.lang.Object, java.lang.Object, java.lang.Object, java.lang.Object, java.lang.Object, java.lang.Object, java.lang.Object, java.lang.Ob
Event: 0.737 Thread 0x00000236a93d30c0 Exception <a 'java/lang/NoSuchMethodError'{0x00000000fdfb3da8}: 'java.lang.Object java.lang.invoke.DirectMethodHandle$Holder.newInvokeSpecial(java.lang.Object, java.lang.Object, java.lang.Object, java.lang.Object, java.lang.Object, java.lang.Object, java.lang.Object, java.lang.Object, java.lang.Object, java.lang.Object, java.lang.Object, java.lang.Object, java.lang.Object, java.lang.Object, java.lang.Object, java.lang.Object, java.lang.Object, java.lang.Object, java.lang.Object, java.lang.Object, java.lang
Event: 0.738 Thread 0x00000236a93d30c0 Exception <a 'java/lang/NoSuchMethodError'{0x00000000fdfb9fa0}: 'java.lang.Object java.lang.invoke.Invokers$Holder.linkToTargetMethod(java.lang.Object, java.lang.Object, java.lang.Object, java.lang.Object, java.lang.Object, java.lang.Object, java.lang.Object, java.lang.Object, java.lang.Object, java.lang.Object, java.lang.Object, java.lang.Object, java.lang.Object, java.lang.Object, java.lang.Object, java.lang.Object, java.lang.Object, java.lang.Object, java.lang.Object, java.lang.Object, java.lang.Object,
Event: 0.738 Thread 0x00000236a93d30c0 Exception <a 'java/lang/NoSuchMethodError'{0x00000000fdfbf060}: 'java.lang.Object java.lang.invoke.DirectMethodHandle$Holder.invokeVirtual(java.lang.Object, java.lang.Object, java.lang.Object, java.lang.Object, java.lang.Object, java.lang.Object, java.lang.Object, java.lang.Object, java.lang.Object, java.lang.Object)'> (0x00000000fdfbf060) 
thrown [s\src\hotspot\share\interpreter\linkResolver.cpp, line 773]
Event: 0.758 Thread 0x00000236a93d30c0 Exception <a 'java/lang/NoSuchMethodError'{0x00000000fdeb4488}: 'java.lang.Object java.lang.invoke.DirectMethodHandle$Holder.invokeVirtual(java.lang.Object, java.lang.Object, java.lang.Object, java.lang.Object, java.lang.Object, java.lang.Object, java.lang.Object, java.lang.Object, java.lang.Object)'> (0x00000000fdeb4488) 
thrown [s\src\hotspot\share\interpreter\linkResolver.cpp, line 773]
Event: 0.773 Thread 0x00000236a93d30c0 Exception <a 'java/lang/NoSuchMethodError'{0x00000000fddcce68}: 'java.lang.Object java.lang.invoke.DirectMethodHandle$Holder.invokeVirtual(java.lang.Object, java.lang.Object, java.lang.Object, java.lang.Object, java.lang.Object, java.lang.Object, java.lang.Object, java.lang.Object)'> (0x00000000fddcce68) 
thrown [s\src\hotspot\share\interpreter\linkResolver.cpp, line 773]
Event: 0.785 Thread 0x00000236a93d30c0 Exception <a 'java/lang/NoSuchMethodError'{0x00000000fff57e08}: 'java.lang.Object java.lang.invoke.DirectMethodHandle$Holder.invokeStaticInit(java.lang.Object, int, int, int, int)'> (0x00000000fff57e08) 
thrown [s\src\hotspot\share\interpreter\linkResolver.cpp, line 773]
Event: 0.797 Thread 0x00000236a93d30c0 Exception <a 'java/lang/NoSuchMethodError'{0x00000000ffff0648}: 'java.lang.Object java.lang.invoke.DirectMethodHandle$Holder.invokeStaticInit(java.lang.Object, java.lang.Object, int, int, int, int)'> (0x00000000ffff0648) 
thrown [s\src\hotspot\share\interpreter\linkResolver.cpp, line 773]
Event: 0.813 Thread 0x00000236a93d30c0 Exception <a 'java/lang/NoSuchMethodError'{0x00000000ffed4078}: 'void java.lang.invoke.DirectMethodHandle$Holder.invokeInterface(java.lang.Object, java.lang.Object, java.lang.Object)'> (0x00000000ffed4078) 
thrown [s\src\hotspot\share\interpreter\linkResolver.cpp, line 773]

ZGC Phase Switch (0 events):
No events

VM Operations (20 events):
Event: 15874.167 Executing VM operation: HandshakeAllThreads (HandshakeForDeflation) done
Event: 15874.167 Executing VM operation: RendezvousGCThreads
Event: 15874.167 Executing VM operation: RendezvousGCThreads done
Event: 16114.642 Executing VM operation: HandshakeAllThreads (HandshakeForDeflation)
Event: 16114.642 Executing VM operation: HandshakeAllThreads (HandshakeForDeflation) done
Event: 16114.642 Executing VM operation: RendezvousGCThreads
Event: 16114.642 Executing VM operation: RendezvousGCThreads done
Event: 16174.803 Executing VM operation: HandshakeAllThreads (HandshakeForDeflation)
Event: 16174.803 Executing VM operation: HandshakeAllThreads (HandshakeForDeflation) done
Event: 16174.803 Executing VM operation: RendezvousGCThreads
Event: 16174.803 Executing VM operation: RendezvousGCThreads done
Event: 16475.651 Executing VM operation: HandshakeAllThreads (HandshakeForDeflation)
Event: 16475.651 Executing VM operation: HandshakeAllThreads (HandshakeForDeflation) done
Event: 16475.651 Executing VM operation: RendezvousGCThreads
Event: 16475.651 Executing VM operation: RendezvousGCThreads done
Event: 16476.663 Executing VM operation: Cleanup
Event: 16476.663 Executing VM operation: Cleanup done
Event: 16486.392 Executing VM operation: G1CollectForAllocation (G1 Evacuation Pause)
Event: 16486.394 Executing VM operation: G1CollectForAllocation (G1 Evacuation Pause) done
Event: 16487.404 Executing VM operation: Cleanup

Memory protections (0 events):
No events

Nmethod flushes (0 events):
No events

Events (20 events):
Event: 1.884 Thread 0x000002370c796d90 Thread exited: 0x000002370c796d90
Event: 2.891 Thread 0x00000236c686bf10 Thread exited: 0x00000236c686bf10
Event: 10.887 Thread 0x00000236c66986b0 Thread exited: 0x00000236c66986b0
Event: 25.195 Thread 0x00000236c65c6f30 Thread added: 0x000002370d42ad30
Event: 28.380 Thread 0x000002370d42ad30 Thread exited: 0x000002370d42ad30
Event: 38.987 Thread 0x00000236c65c6f30 Thread added: 0x000002370c038960
Event: 38.987 Thread 0x00000236c65c6f30 Thread added: 0x000002370c039000
Event: 38.987 Thread 0x00000236c65c6f30 Thread added: 0x000002370c05baa0
Event: 40.692 Thread 0x000002370c05baa0 Thread exited: 0x000002370c05baa0
Event: 40.693 Thread 0x000002370c039000 Thread exited: 0x000002370c039000
Event: 43.688 Thread 0x000002370c038960 Thread exited: 0x000002370c038960
Event: 640.599 Thread 0x00000236c65c2cc0 Thread added: 0x00000236c6750fe0
Event: 645.616 Thread 0x00000236c6750fe0 Thread exited: 0x00000236c6750fe0
Event: 786.863 Thread 0x00000236c65c6f30 Thread added: 0x000002370d3b3930
Event: 786.863 Thread 0x00000236c65c6f30 Thread added: 0x000002370d3b3fd0
Event: 786.863 Thread 0x00000236c65c6f30 Thread added: 0x000002370c05fc90
Event: 791.869 Thread 0x000002370c05fc90 Thread exited: 0x000002370c05fc90
Event: 796.875 Thread 0x000002370d3b3fd0 Thread exited: 0x000002370d3b3fd0
Event: 801.885 Thread 0x000002370d3b3930 Thread exited: 0x000002370d3b3930
Event: 16486.405 Thread 0x00000236c65c6f30 Thread added: 0x000002370c14d9c0


Dynamic libraries:
0x00007ff70f1f0000 - 0x00007ff70f1fe000 	C:\Program Files\Eclipse Adoptium\jdk-21.0.7.6-hotspot\bin\java.exe
0x00007ffebebe0000 - 0x00007ffebee45000 	C:\WINDOWS\SYSTEM32\ntdll.dll
0x00007ffebd820000 - 0x00007ffebd8e9000 	C:\WINDOWS\System32\KERNEL32.DLL
0x00007ffebc420000 - 0x00007ffebc808000 	C:\WINDOWS\System32\KERNELBASE.dll
0x00007ffebc0c0000 - 0x00007ffebc20b000 	C:\WINDOWS\System32\ucrtbase.dll
0x00007ffe99510000 - 0x00007ffe99528000 	C:\Program Files\Eclipse Adoptium\jdk-21.0.7.6-hotspot\bin\jli.dll
0x00007ffe994f0000 - 0x00007ffe9950e000 	C:\Program Files\Eclipse Adoptium\jdk-21.0.7.6-hotspot\bin\VCRUNTIME140.dll
0x00007ffebd5a0000 - 0x00007ffebd76a000 	C:\WINDOWS\System32\USER32.dll
0x00007ffebc950000 - 0x00007ffebc977000 	C:\WINDOWS\System32\win32u.dll
0x00007ffebd350000 - 0x00007ffebd37b000 	C:\WINDOWS\System32\GDI32.dll
0x00007ffe9d5b0000 - 0x00007ffe9d84a000 	C:\WINDOWS\WinSxS\amd64_microsoft.windows.common-controls_6595b64144ccf1df_6.0.26100.4202_none_3e0698d4e335f517\COMCTL32.dll
0x00007ffebc810000 - 0x00007ffebc947000 	C:\WINDOWS\System32\gdi32full.dll
0x00007ffebc210000 - 0x00007ffebc2b3000 	C:\WINDOWS\System32\msvcp_win.dll
0x00007ffebd4f0000 - 0x00007ffebd599000 	C:\WINDOWS\System32\msvcrt.dll
0x00007ffebcc60000 - 0x00007ffebcc90000 	C:\WINDOWS\System32\IMM32.DLL
0x00007ffeb57b0000 - 0x00007ffeb57bc000 	C:\Program Files\Eclipse Adoptium\jdk-21.0.7.6-hotspot\bin\vcruntime140_1.dll
0x00007ffe99210000 - 0x00007ffe9929d000 	C:\Program Files\Eclipse Adoptium\jdk-21.0.7.6-hotspot\bin\msvcp140.dll
0x00007ffe171c0000 - 0x00007ffe17f50000 	C:\Program Files\Eclipse Adoptium\jdk-21.0.7.6-hotspot\bin\server\jvm.dll
0x00007ffebddd0000 - 0x00007ffebde83000 	C:\WINDOWS\System32\ADVAPI32.dll
0x00007ffebd770000 - 0x00007ffebd816000 	C:\WINDOWS\System32\sechost.dll
0x00007ffebdcb0000 - 0x00007ffebddc5000 	C:\WINDOWS\System32\RPCRT4.dll
0x00007ffebcbe0000 - 0x00007ffebcc54000 	C:\WINDOWS\System32\WS2_32.dll
0x00007ffeba890000 - 0x00007ffeba8ee000 	C:\WINDOWS\SYSTEM32\POWRPROF.dll
0x00007ffeae680000 - 0x00007ffeae6b5000 	C:\WINDOWS\SYSTEM32\WINMM.dll
0x00007ffeb46b0000 - 0x00007ffeb46bb000 	C:\WINDOWS\SYSTEM32\VERSION.dll
0x00007ffeba870000 - 0x00007ffeba884000 	C:\WINDOWS\SYSTEM32\UMPDC.dll
0x00007ffebac10000 - 0x00007ffebac2b000 	C:\WINDOWS\SYSTEM32\kernel.appcore.dll
0x00007ffeb3dc0000 - 0x00007ffeb3dca000 	C:\Program Files\Eclipse Adoptium\jdk-21.0.7.6-hotspot\bin\jimage.dll
0x00007ffeaef80000 - 0x00007ffeaf1c1000 	C:\WINDOWS\SYSTEM32\DBGHELP.DLL
0x00007ffebde90000 - 0x00007ffebe215000 	C:\WINDOWS\System32\combase.dll
0x00007ffebeab0000 - 0x00007ffebeb91000 	C:\WINDOWS\System32\OLEAUT32.dll
0x00007ffea1070000 - 0x00007ffea10a9000 	C:\WINDOWS\SYSTEM32\dbgcore.DLL
0x00007ffebc380000 - 0x00007ffebc419000 	C:\WINDOWS\System32\bcryptPrimitives.dll
0x00007ffe994d0000 - 0x00007ffe994ef000 	C:\Program Files\Eclipse Adoptium\jdk-21.0.7.6-hotspot\bin\java.dll
0x00007ffebe360000 - 0x00007ffebeaa2000 	C:\WINDOWS\System32\SHELL32.dll
0x00007ffebbdc0000 - 0x00007ffebbf34000 	C:\WINDOWS\System32\wintypes.dll
0x00007ffeb9970000 - 0x00007ffeba1c8000 	C:\WINDOWS\SYSTEM32\windows.storage.dll
0x00007ffebdbb0000 - 0x00007ffebdca1000 	C:\WINDOWS\System32\SHCORE.dll
0x00007ffebccb0000 - 0x00007ffebcd1a000 	C:\WINDOWS\System32\shlwapi.dll
0x00007ffebbc40000 - 0x00007ffebbc6f000 	C:\WINDOWS\SYSTEM32\profapi.dll
0x00007ffe98e70000 - 0x00007ffe98f47000 	C:\Program Files\Eclipse Adoptium\jdk-21.0.7.6-hotspot\bin\jsvml.dll
0x00007ffe99cd0000 - 0x00007ffe99ce0000 	C:\Program Files\Eclipse Adoptium\jdk-21.0.7.6-hotspot\bin\net.dll
0x00007ffeb4580000 - 0x00007ffeb469e000 	C:\WINDOWS\SYSTEM32\WINHTTP.dll
0x00007ffebb180000 - 0x00007ffebb1ea000 	C:\WINDOWS\system32\mswsock.dll
0x00007ffe991f0000 - 0x00007ffe99206000 	C:\Program Files\Eclipse Adoptium\jdk-21.0.7.6-hotspot\bin\nio.dll
0x00007ffe991d0000 - 0x00007ffe991e8000 	C:\Program Files\Eclipse Adoptium\jdk-21.0.7.6-hotspot\bin\zip.dll
0x00007ffe99060000 - 0x00007ffe99070000 	C:\Program Files\Eclipse Adoptium\jdk-21.0.7.6-hotspot\bin\verify.dll
0x00007ffe99050000 - 0x00007ffe9905a000 	C:\Program Files\Eclipse Adoptium\jdk-21.0.7.6-hotspot\bin\management.dll
0x00007ffe99040000 - 0x00007ffe9904b000 	C:\Program Files\Eclipse Adoptium\jdk-21.0.7.6-hotspot\bin\management_ext.dll
0x00007ffebcca0000 - 0x00007ffebcca8000 	C:\WINDOWS\System32\PSAPI.DLL
0x00007ffe99010000 - 0x00007ffe99037000 	C:\Users\qnfrm\.gradle\native\1def1411415f61bf3af743bc5b6707747c0891f09f0c88961ee8f79bc544acac\windows-amd64\native-platform.dll
0x00007ffeb8d10000 - 0x00007ffeb8d1a000 	C:\Users\qnfrm\.gradle\native\jansi\1.18\windows64\jansi.dll
0x00007ffeba4e0000 - 0x00007ffeba513000 	C:\WINDOWS\SYSTEM32\IPHLPAPI.DLL
0x00007ffebdaa0000 - 0x00007ffebdaaa000 	C:\WINDOWS\System32\NSI.dll
0x00007ffe98ff0000 - 0x00007ffe98ff9000 	C:\Program Files\Eclipse Adoptium\jdk-21.0.7.6-hotspot\bin\extnet.dll
0x00007ffebb430000 - 0x00007ffebb44b000 	C:\WINDOWS\SYSTEM32\CRYPTSP.dll
0x00007ffebab70000 - 0x00007ffebabaa000 	C:\WINDOWS\system32\rsaenh.dll
0x00007ffebb220000 - 0x00007ffebb24b000 	C:\WINDOWS\SYSTEM32\USERENV.dll
0x00007ffebbc10000 - 0x00007ffebbc36000 	C:\WINDOWS\SYSTEM32\bcrypt.dll
0x00007ffebb450000 - 0x00007ffebb45c000 	C:\WINDOWS\SYSTEM32\CRYPTBASE.dll
0x00007ffe98f60000 - 0x00007ffe98f6e000 	C:\Program Files\Eclipse Adoptium\jdk-21.0.7.6-hotspot\bin\sunmscapi.dll
0x00007ffebbf40000 - 0x00007ffebc0b7000 	C:\WINDOWS\System32\CRYPT32.dll
0x00007ffebb650000 - 0x00007ffebb680000 	C:\WINDOWS\SYSTEM32\ncrypt.dll
0x00007ffebb600000 - 0x00007ffebb63f000 	C:\WINDOWS\SYSTEM32\NTASN1.dll
0x00007ffe16f30000 - 0x00007ffe16f38000 	C:\WINDOWS\system32\wshunix.dll

dbghelp: loaded successfully - version: 4.0.5 - missing functions: none
symbol engine: initialized successfully - sym options: 0x614 - pdb path: .;C:\Program Files\Eclipse Adoptium\jdk-21.0.7.6-hotspot\bin;C:\WINDOWS\SYSTEM32;C:\WINDOWS\WinSxS\amd64_microsoft.windows.common-controls_6595b64144ccf1df_6.0.26100.4202_none_3e0698d4e335f517;C:\Program Files\Eclipse Adoptium\jdk-21.0.7.6-hotspot\bin\server;C:\Users\qnfrm\.gradle\native\1def1411415f61bf3af743bc5b6707747c0891f09f0c88961ee8f79bc544acac\windows-amd64;C:\Users\qnfrm\.gradle\native\jansi\1.18\windows64

VM Arguments:
jvm_args: -Xmx64m -Xms64m -Dorg.gradle.appname=gradlew 
java_command: C:\Users\qnfrm\my-board-project\backend\\gradle\wrapper\gradle-wrapper.jar bootRun
java_class_path (initial): C:\Users\qnfrm\my-board-project\backend\\gradle\wrapper\gradle-wrapper.jar
Launcher Type: SUN_STANDARD

[Global flags]
     intx CICompilerCount                          = 12                                        {product} {ergonomic}
     uint ConcGCThreads                            = 3                                         {product} {ergonomic}
     uint G1ConcRefinementThreads                  = 13                                        {product} {ergonomic}
   size_t G1HeapRegionSize                         = 1048576                                   {product} {ergonomic}
    uintx GCDrainStackTargetSize                   = 64                                        {product} {ergonomic}
   size_t InitialHeapSize                          = 67108864                                  {product} {command line}
   size_t MarkStackSize                            = 4194304                                   {product} {ergonomic}
   size_t MaxHeapSize                              = 67108864                                  {product} {command line}
   size_t MaxNewSize                               = 39845888                                  {product} {ergonomic}
   size_t MinHeapDeltaBytes                        = 1048576                                   {product} {ergonomic}
   size_t MinHeapSize                              = 67108864                                  {product} {command line}
    uintx NonNMethodCodeHeapSize                   = 7602480                                {pd product} {ergonomic}
    uintx NonProfiledCodeHeapSize                  = 122027880                              {pd product} {ergonomic}
    uintx ProfiledCodeHeapSize                     = 122027880                              {pd product} {ergonomic}
    uintx ReservedCodeCacheSize                    = 251658240                              {pd product} {ergonomic}
     bool SegmentedCodeCache                       = true                                      {product} {ergonomic}
   size_t SoftMaxHeapSize                          = 67108864                               {manageable} {ergonomic}
     bool UseCompressedOops                        = true                           {product lp64_product} {ergonomic}
     bool UseG1GC                                  = true                                      {product} {ergonomic}
     bool UseLargePagesIndividualAllocation        = false                                  {pd product} {ergonomic}

Logging:
Log output configuration:
 #0: stdout all=warning uptime,level,tags foldmultilines=false
 #1: stderr all=off uptime,level,tags foldmultilines=false

Environment Variables:
PATH=C:\Program Files\Eclipse Adoptium\jdk-17.x.x.x-hotspot\bin;C:\Program Files\Eclipse Adoptium\jdk-21.0.7.6-hotspot\bin;c:\Users\qnfrm\AppData\Local\Programs\cursor\resources\app\bin;C:\Program Files (x86)\Microsoft\Edge\Application;C:\Program Files (x86)\Common Files\Oracle\Java\java8path;C:\Program Files (x86)\Common Files\Oracle\Java\javapath;C:\WINDOWS\system32;C:\WINDOWS;C:\WINDOWS\System32\Wbem;C:\WINDOWS\System32\WindowsPowerShell\v1.0\;C:\WINDOWS\System32\OpenSSH\;C:\Program Files\NVIDIA Corporation\NVIDIA app\NvDLISR;C:\Program Files (x86)\NVIDIA Corporation\PhysX\Common;C:\Program Files\dotnet\;C:\Program Files\MongoDB\Server\8.0\bin;C:\Program Files\Git\cmd;C:\Program Files\GitHub CLI\;C:\mingw64;C:\mingw64\bin;C:\Program Files (x86)\Windows Kits\10\Windows Performance Toolkit\;C:\Program Files\Docker\Docker\resources\bin;C:\Users\qnfrm\AppData\Local\Microsoft\WindowsApps;C:\Users\qnfrm\.dotnet\tools;c:\Users\qnfrm\AppData\Local\Programs\cursor\resources\app\bin;C:\Program Files\nodejs\;C:\Users\qnfrm\AppData\Local\Microsoft\WindowsApps;C:\Users\qnfrm\.dotnet\tools;C:\Users\qnfrm\AppData\Local\Programs\Microsoft VS Code\bin;C:\Users\qnfrm\AppData\Local\Programs\cursor\resources\app\bin;C:\Users\qnfrm\AppData\Roaming\npm
USERNAME=qnfrm
LANG=en_US.UTF-8
OS=Windows_NT
PROCESSOR_IDENTIFIER=AMD64 Family 25 Model 33 Stepping 2, AuthenticAMD
TMP=C:\Users\qnfrm\AppData\Local\Temp
TEMP=C:\Users\qnfrm\AppData\Local\Temp




Periodic native trim disabled

---------------  S Y S T E M  ---------------

OS:
 Windows 11 , 64 bit Build 26100 (10.0.26100.4202)
OS uptime: 3 days 0:13 hours
Hyper-V role detected

CPU: total 16 (initial active 16) (16 cores per cpu, 2 threads per core) family 25 model 33 stepping 2 microcode 0xa20120e, cx8, cmov, fxsr, ht, mmx, 3dnowpref, sse, sse2, sse3, ssse3, sse4a, sse4.1, sse4.2, popcnt, lzcnt, tsc, tscinvbit, avx, avx2, aes, erms, clmul, bmi1, bmi2, adx, sha, fma, vzeroupper, clflush, clflushopt, hv, rdtscp, rdpid, fsrm, f16c, cet_ss
Processor Information for the first 16 processors :
  Max Mhz: 3001, Current Mhz: 3001, Mhz Limit: 3001

Memory: 4k page, system-wide physical 32694M (8846M free)
TotalPageFile size 130998M (AvailPageFile size 0M)
current process WorkingSet (physical memory assigned to process): 74M, peak: 134M
current process commit charge ("private bytes"): 180M, peak: 203M

vm_info: OpenJDK 64-Bit Server VM (21.0.7+6-LTS) for windows-amd64 JRE (21.0.7+6-LTS), built on 2025-04-15T00:00:00Z by "admin" with MS VC++ 17.7 (VS2022)

END.
